19/03/2025 11:45:14 - Erro ao criar EventLog source: Fonte não encontrada, mas alguns ou todos os logs de evento não puderam ser pesquisados. Logs inacessíveis: Security.
19/03/2025 11:45:30 - Erro ao criar EventLog source: Fonte não encontrada, mas alguns ou todos os logs de evento não puderam ser pesquisados. Logs inacessíveis: Security.
19/03/2025 11:49:34 - Erro ao criar EventLog source: Fonte não encontrada, mas alguns ou todos os logs de evento não puderam ser pesquisados. Logs inacessíveis: Security.
19/03/2025 11:50:15 - Erro ao criar EventLog source: Fonte não encontrada, mas alguns ou todos os logs de evento não puderam ser pesquisados. Logs inacessíveis: Security.
19/03/2025 12:00:17 - Erro ao criar a fonte do EventLog: Fonte não encontrada, mas alguns ou todos os logs de evento não puderam ser pesquisados. Logs inacessíveis: Security.
19/03/2025 12:00:17 - Erro ao escrever no EventLog: A origem não foi encontrada, mas alguns ou todos os logs de evento não puderam ser pesquisados. Para criar a origem, você precisa de permissão para ler todos os logs de evento para se certificar de que o novo nome de origem é único. Logs inacessíveis: Security.. Mensagem original: Tarefas configuradas: 2
19/03/2025 12:00:17 - Erro ao escrever no EventLog: A origem não foi encontrada, mas alguns ou todos os logs de evento não puderam ser pesquisados. Para criar a origem, você precisa de permissão para ler todos os logs de evento para se certificar de que o novo nome de origem é único. Logs inacessíveis: Security.. Mensagem original: AgendadorVisionService iniciado.
19/03/2025 12:00:17 - Erro ao escrever no EventLog: A origem não foi encontrada, mas alguns ou todos os logs de evento não puderam ser pesquisados. Para criar a origem, você precisa de permissão para ler todos os logs de evento para se certificar de que o novo nome de origem é único. Logs inacessíveis: Security.. Mensagem original: AgendadorVisionService parado.
19/03/2025 12:00:30 - Erro ao criar a fonte do EventLog: Fonte não encontrada, mas alguns ou todos os logs de evento não puderam ser pesquisados. Logs inacessíveis: Security.
19/03/2025 12:00:30 - Erro ao escrever no EventLog: A origem não foi encontrada, mas alguns ou todos os logs de evento não puderam ser pesquisados. Para criar a origem, você precisa de permissão para ler todos os logs de evento para se certificar de que o novo nome de origem é único. Logs inacessíveis: Security.. Mensagem original: Tarefas configuradas: 2
19/03/2025 12:00:30 - Erro ao escrever no EventLog: A origem não foi encontrada, mas alguns ou todos os logs de evento não puderam ser pesquisados. Para criar a origem, você precisa de permissão para ler todos os logs de evento para se certificar de que o novo nome de origem é único. Logs inacessíveis: Security.. Mensagem original: AgendadorVisionService iniciado.
19/03/2025 12:00:30 - Erro ao escrever no EventLog: A origem não foi encontrada, mas alguns ou todos os logs de evento não puderam ser pesquisados. Para criar a origem, você precisa de permissão para ler todos os logs de evento para se certificar de que o novo nome de origem é único. Logs inacessíveis: Security.. Mensagem original: AgendadorVisionService parado.
19/03/2025 12:25:46 - Erro ao criar a fonte do EventLog: Fonte não encontrada, mas alguns ou todos os logs de evento não puderam ser pesquisados. Logs inacessíveis: Security.
19/03/2025 12:25:46 - Erro ao escrever no EventLog: A origem não foi encontrada, mas alguns ou todos os logs de evento não puderam ser pesquisados. Para criar a origem, você precisa de permissão para ler todos os logs de evento para se certificar de que o novo nome de origem é único. Logs inacessíveis: Security.. Mensagem original: Tarefas configuradas: 2
19/03/2025 12:25:46 - Erro ao escrever no EventLog: A origem não foi encontrada, mas alguns ou todos os logs de evento não puderam ser pesquisados. Para criar a origem, você precisa de permissão para ler todos os logs de evento para se certificar de que o novo nome de origem é único. Logs inacessíveis: Security.. Mensagem original: AgendadorVisionService iniciado.
19/03/2025 12:25:46 - Erro ao escrever no EventLog: A origem não foi encontrada, mas alguns ou todos os logs de evento não puderam ser pesquisados. Para criar a origem, você precisa de permissão para ler todos os logs de evento para se certificar de que o novo nome de origem é único. Logs inacessíveis: Security.. Mensagem original: AgendadorVisionService parado.
19/03/2025 12:31:31 - Erro ao criar a fonte do EventLog: Fonte não encontrada, mas alguns ou todos os logs de evento não puderam ser pesquisados. Logs inacessíveis: Security.
19/03/2025 12:31:31 - Erro ao escrever no EventLog: A origem não foi encontrada, mas alguns ou todos os logs de evento não puderam ser pesquisados. Para criar a origem, você precisa de permissão para ler todos os logs de evento para se certificar de que o novo nome de origem é único. Logs inacessíveis: Security.. Mensagem original: Tarefas configuradas: 2
19/03/2025 12:31:31 - Erro ao escrever no EventLog: A origem não foi encontrada, mas alguns ou todos os logs de evento não puderam ser pesquisados. Para criar a origem, você precisa de permissão para ler todos os logs de evento para se certificar de que o novo nome de origem é único. Logs inacessíveis: Security.. Mensagem original: AgendadorVisionService iniciado.
19/03/2025 12:31:31 - Erro ao escrever no EventLog: A origem não foi encontrada, mas alguns ou todos os logs de evento não puderam ser pesquisados. Para criar a origem, você precisa de permissão para ler todos os logs de evento para se certificar de que o novo nome de origem é único. Logs inacessíveis: Security.. Mensagem original: AgendadorVisionService parado.
19/03/2025 13:01:35 - Erro ao criar a fonte do EventLog: Fonte não encontrada, mas alguns ou todos os logs de evento não puderam ser pesquisados. Logs inacessíveis: Security.
19/03/2025 13:01:35 - Erro ao escrever no EventLog: A origem não foi encontrada, mas alguns ou todos os logs de evento não puderam ser pesquisados. Para criar a origem, você precisa de permissão para ler todos os logs de evento para se certificar de que o novo nome de origem é único. Logs inacessíveis: Security.. Mensagem original: Tarefas configuradas: 2
19/03/2025 13:01:35 - Erro ao escrever no EventLog: A origem não foi encontrada, mas alguns ou todos os logs de evento não puderam ser pesquisados. Para criar a origem, você precisa de permissão para ler todos os logs de evento para se certificar de que o novo nome de origem é único. Logs inacessíveis: Security.. Mensagem original: AgendadorVisionService iniciado.
19/03/2025 13:01:35 - Erro ao escrever no EventLog: A origem não foi encontrada, mas alguns ou todos os logs de evento não puderam ser pesquisados. Para criar a origem, você precisa de permissão para ler todos os logs de evento para se certificar de que o novo nome de origem é único. Logs inacessíveis: Security.. Mensagem original: AgendadorVisionService parado.
